lib/services/category-service.ts(36,35): error TS2345: Argument of type '{ children: never[]; id: string; name: string; slug: string; parent_id: string | null; is_active: boolean | null; }' is not assignable to parameter of type 'Category'.
  Type '{ children: never[]; id: string; name: string; slug: string; parent_id: string | null; is_active: boolean | null; }' is missing the following properties from type '{ created_at: string | null; description: string | null; id: string; image_url: string | null; is_active: boolean | null; name: string; parent_id: string | null; slug: string; updated_at: string | null; }': created_at, description, image_url, updated_at
lib/services/product-service.ts(135,15): error TS2769: No overload matches this call.
  Overload 1 of 2, '(relation: "profiles" | "products" | "categories" | "orders" | "concepts" | "addresses" | "cart_items" | "content_globals" | "coupons" | "feedback" | "order_items" | "product_colors" | ... 9 more ... | "system_logs"): PostgrestQueryBuilder<...>', gave the following error.
    Argument of type '"products_with_stats"' is not assignable to parameter of type '"profiles" | "products" | "categories" | "orders" | "concepts" | "addresses" | "cart_items" | "content_globals" | "coupons" | "feedback" | "order_items" | "product_colors" | ... 9 more ... | "system_logs"'.
  Overload 2 of 2, '(relation: never): PostgrestQueryBuilder<{ PostgrestVersion: "13.0.5"; }, { Tables: { addresses: { Row: { address_line1: string; address_line2: string | null; city: string; country: string; created_at: string; ... 6 more ...; user_id: string; }; Insert: { ...; }; Update: { ...; }; Relationships: [...]; }; ... 20 more ...; system_logs: { ...; }; }; Views: {}; Functions: { ...; }; Enums: { ...; }; CompositeTypes: {}; }, never, never, never>', gave the following error.
    Argument of type '"products_with_stats"' is not assignable to parameter of type 'never'.
lib/services/product-service.ts(253,27): error TS2769: No overload matches this call.
  Overload 1 of 2, '(relation: "profiles" | "products" | "categories" | "orders" | "concepts" | "addresses" | "cart_items" | "content_globals" | "coupons" | "feedback" | "order_items" | "product_colors" | ... 9 more ... | "system_logs"): PostgrestQueryBuilder<...>', gave the following error.
    Argument of type '"products_with_stats"' is not assignable to parameter of type '"profiles" | "products" | "categories" | "orders" | "concepts" | "addresses" | "cart_items" | "content_globals" | "coupons" | "feedback" | "order_items" | "product_colors" | ... 9 more ... | "system_logs"'.
  Overload 2 of 2, '(relation: never): PostgrestQueryBuilder<{ PostgrestVersion: "13.0.5"; }, { Tables: { addresses: { Row: { address_line1: string; address_line2: string | null; city: string; country: string; created_at: string; ... 6 more ...; user_id: string; }; Insert: { ...; }; Update: { ...; }; Relationships: [...]; }; ... 20 more ...; system_logs: { ...; }; }; Views: {}; Functions: { ...; }; Enums: { ...; }; CompositeTypes: {}; }, never, never, never>', gave the following error.
    Argument of type '"products_with_stats"' is not assignable to parameter of type 'never'.
lib/services/product-service.ts(277,58): error TS2769: No overload matches this call.
  Overload 1 of 2, '(relation: "profiles" | "products" | "categories" | "orders" | "concepts" | "addresses" | "cart_items" | "content_globals" | "coupons" | "feedback" | "order_items" | "product_colors" | ... 9 more ... | "system_logs"): PostgrestQueryBuilder<...>', gave the following error.
    Argument of type '"products_with_stats"' is not assignable to parameter of type '"profiles" | "products" | "categories" | "orders" | "concepts" | "addresses" | "cart_items" | "content_globals" | "coupons" | "feedback" | "order_items" | "product_colors" | ... 9 more ... | "system_logs"'.
  Overload 2 of 2, '(relation: never): PostgrestQueryBuilder<{ PostgrestVersion: "13.0.5"; }, { Tables: { addresses: { Row: { address_line1: string; address_line2: string | null; city: string; country: string; created_at: string; ... 6 more ...; user_id: string; }; Insert: { ...; }; Update: { ...; }; Relationships: [...]; }; ... 20 more ...; system_logs: { ...; }; }; Views: {}; Functions: { ...; }; Enums: { ...; }; CompositeTypes: {}; }, never, never, never>', gave the following error.
    Argument of type '"products_with_stats"' is not assignable to parameter of type 'never'.
lib/services/product-service.ts(282,17): error TS2769: No overload matches this call.
  Overload 1 of 2, '(relation: "profiles" | "products" | "categories" | "orders" | "concepts" | "addresses" | "cart_items" | "content_globals" | "coupons" | "feedback" | "order_items" | "product_colors" | ... 9 more ... | "system_logs"): PostgrestQueryBuilder<...>', gave the following error.
    Argument of type '"products_with_stats"' is not assignable to parameter of type '"profiles" | "products" | "categories" | "orders" | "concepts" | "addresses" | "cart_items" | "content_globals" | "coupons" | "feedback" | "order_items" | "product_colors" | ... 9 more ... | "system_logs"'.
  Overload 2 of 2, '(relation: never): PostgrestQueryBuilder<{ PostgrestVersion: "13.0.5"; }, { Tables: { addresses: { Row: { address_line1: string; address_line2: string | null; city: string; country: string; created_at: string; ... 6 more ...; user_id: string; }; Insert: { ...; }; Update: { ...; }; Relationships: [...]; }; ... 20 more ...; system_logs: { ...; }; }; Views: {}; Functions: { ...; }; Enums: { ...; }; CompositeTypes: {}; }, never, never, never>', gave the following error.
    Argument of type '"products_with_stats"' is not assignable to parameter of type 'never'.
