app/(storefront)/checkout/page.tsx(283,9): error TS2322: Type '{ productId: string; name: string; price: number; quantity: number; size: string; color: string; image: string | null; maxQuantity: number; slug: string; categoryId: string; }[]' is not assignable to type 'CartItem[]'.
  Property 'fit' is missing in type '{ productId: string; name: string; price: number; quantity: number; size: string; color: string; image: string | null; maxQuantity: number; slug: string; categoryId: string; }' but required in type 'CartItem'.
app/(storefront)/checkout/page.tsx(860,27): error TS2554: Expected 4 arguments, but got 3.
app/admin/products/edit-product-page.tsx(33,9): error TS2741: Property 'fit_options' is missing in type '{ name: string; slug: string; description: string; price: number; category_id: string; main_image_url: string; gallery_image_urls: string[]; expression_tags: string[]; is_active: boolean; is_carousel_featured: boolean; original_price: number | null; variants: { ...; }[]; }' but required in type '{ category_id: string; name: string; is_active: boolean; slug: string; expression_tags: string[]; gallery_image_urls: string[]; is_carousel_featured: boolean; main_image_url: string; price: number; ... 6 more ...; images?: { ...; } | undefined; }'.
components/cart/cart-upsell.tsx(45,13): error TS2345: Argument of type '{ productId: any; categoryId: any; name: any; price: any; image: any; quantity: number; size: any; color: any; maxQuantity: any; slug: any; }' is not assignable to parameter of type 'CartItem'.
  Property 'fit' is missing in type '{ productId: any; categoryId: any; name: any; price: any; image: any; quantity: number; size: any; color: any; maxQuantity: any; slug: any; }' but required in type 'CartItem'.
components/products/quick-add-dialog.tsx(92,7): error TS2345: Argument of type '{ productId: any; categoryId: any; name: any; price: any; image: any; size: string; color: any; quantity: number; maxQuantity: number; slug: any; }' is not assignable to parameter of type 'CartItem'.
  Property 'fit' is missing in type '{ productId: any; categoryId: any; name: any; price: any; image: any; size: string; color: any; quantity: number; maxQuantity: number; slug: any; }' but required in type 'CartItem'.
components/products/quick-view.tsx(41,13): error TS2345: Argument of type '{ productId: any; categoryId: any; name: any; price: any; image: any; size: any; color: any; quantity: number; maxQuantity: any; slug: any; }' is not assignable to parameter of type 'CartItem'.
  Property 'fit' is missing in type '{ productId: any; categoryId: any; name: any; price: any; image: any; size: any; color: any; quantity: number; maxQuantity: any; slug: any; }' but required in type 'CartItem'.
components/products/quick-view.tsx(150,21): error TS2345: Argument of type '{ productId: any; categoryId: any; name: any; price: any; image: any; size: any; color: any; quantity: number; maxQuantity: any; slug: any; }' is not assignable to parameter of type 'CartItem'.
  Property 'fit' is missing in type '{ productId: any; categoryId: any; name: any; price: any; image: any; size: any; color: any; quantity: number; maxQuantity: any; slug: any; }' but required in type 'CartItem'.
components/storefront/product-card.tsx(178,9): error TS2345: Argument of type '{ productId: string; name: string; price: number; image: string; size: string; color: string; quantity: number; maxQuantity: number; slug: string; categoryId: string; }' is not assignable to parameter of type 'CartItem'.
  Property 'fit' is missing in type '{ productId: string; name: string; price: number; image: string; size: string; color: string; quantity: number; maxQuantity: number; slug: string; categoryId: string; }' but required in type 'CartItem'.
components/storefront/product-card.tsx(223,23): error TS2345: Argument of type '{ productId: string; name: string; price: number; image: string; size: string; color: string; quantity: number; maxQuantity: number; slug: string; categoryId: string; }' is not assignable to parameter of type 'CartItem'.
  Property 'fit' is missing in type '{ productId: string; name: string; price: number; image: string; size: string; color: string; quantity: number; maxQuantity: number; slug: string; categoryId: string; }' but required in type 'CartItem'.
store/use-cart-store.ts(139,25): error TS2304: Cannot find name 'dbPayload'.
store/use-cart-store.ts(361,95): error TS2339: Property 'fit' does not exist on type 'CartDBItem'.
store/use-cart-store.ts(370,33): error TS2339: Property 'fit' does not exist on type 'CartDBItem'.
store/use-cart-store.ts(391,56): error TS2339: Property 'fit' does not exist on type '{ size: string; color: string; quantity: number; price_addon?: number | undefined; }'.
